1.884721389839462802e+02
1.746529314738510834e+02
1.617961086847345769e+02
1.507678498909224913e+02
1.411522040094467343e+02
1.318371520359359863e+02
1.232700436994056474e+02
1.154459855580609400e+02
1.082306658117962428e+02
1.015437708552611014e+02
9.551732850852256718e+01
8.976339706278322694e+01
8.416874009310554072e+01
7.977012660428977142e+01
7.504730864968182402e+01
7.096186684627298291e+01
6.700524234308021221e+01
6.332504084544923018e+01
5.977182313902193300e+01
5.663838052723966143e+01
5.301024778019593242e+01
5.023616293823068446e+01
4.759433812436859768e+01
4.548479473662654726e+01
4.319768599173537638e+01
4.097039762603648683e+01
3.882412463643991174e+01
3.682913195719346788e+01
3.496680115599605188e+01
3.325386158590908536e+01
3.158373787653179576e+01
2.992539183906150058e+01
2.850455296370449787e+01
2.635457274131188399e+01
2.513102204066511547e+01
2.394637950816262162e+01
2.329657455531222254e+01
2.211681519234527471e+01
2.106020663883727906e+01
2.005113863135758479e+01
1.909724251686754570e+01
1.817386820295164540e+01
1.730939271074272057e+01
1.648237401805231883e+01
1.570434308777046262e+01
1.494117390634464471e+01
1.424537914633393321e+01
1.355294754822530479e+01
1.291036974600527110e+01
1.231745315105871796e+01
1.173141575855419561e+01
1.116872654655001718e+01
1.063386324131214167e+01
1.012154671974513143e+01
9.668618828431466028e+00
9.222065902507640800e+00
8.785392158205493018e+00
8.382238801091718372e+00
7.991337271689630484e+00
7.609033761662995943e+00
7.259216818818920558e+00
6.924277624734544112e+00
6.597189129672868191e+00
6.292924337755938957e+00
5.989979469798879741e+00
5.708839610816597521e+00
5.387216791398873106e+00
5.173352435909701619e+00
4.806852312935258276e+00
4.584004691378662066e+00
4.371487697525403782e+00
4.168809329516937723e+00
3.975502235080187408e+00
3.791122365811662842e+00
3.615247715094316749e+00
3.554562135100235221e+00
3.384692665079219509e+00
3.231492645790800200e+00
3.081126505469142352e+00
2.937289368605018769e+00
2.800339239902345678e+00
2.668527203626861244e+00
2.543627369268428140e+00
2.424723987201157449e+00
2.311326531348824709e+00
2.202948139461433641e+00
2.088802098171827826e+00
1.990638140236453690e+00
1.896944635046352357e+00
1.807513937531225912e+00
1.727281940386687920e+00
1.645743380585854565e+00
1.570096328555910636e+00
1.493718521952616118e+00
1.425796180184365936e+00
1.358116988626102639e+00
1.293905658370602563e+00
1.232301068716215475e+00
1.172619469694188954e+00
1.104926471478269612e+00
1.062931025761955972e+00
1.000919315230531126e+00
9.524377010777267394e-01
9.061619103313365287e-01
8.705464224932807360e-01
8.247345643682861827e-01
7.795881670597188950e-01
7.475655546655868289e-01
7.107841470160081165e-01
6.768773126161523601e-01
6.429328194853258793e-01
6.085131698317344240e-01
5.779005300025246150e-01
5.505081058480348899e-01
5.206663856873292584e-01
4.906868891743524919e-01
4.655048969744180476e-01
4.459469003178379021e-01
4.230936100304151237e-01
4.007817992815719266e-01
3.787865948179956477e-01
3.596462539981968298e-01
3.404134040616493273e-01
3.213560268073270554e-01
3.035580500462482512e-01
2.877342618677994346e-01
2.717208489888069400e-01
2.558225871416233699e-01
2.421994498380475591e-01
2.283682831708354899e-01
2.150173757950370468e-01
2.024179470692216709e-01
1.905186733277953182e-01
1.793397127131270419e-01
1.683059287144270944e-01
1.579390196662258938e-01
1.477797027101938054e-01
1.382451541172575737e-01
1.300457086823136044e-01
1.206491503796087300e-01
1.135100780531573955e-01
1.058260414504750280e-01
9.840820134723884949e-02
9.117486561461272954e-02
8.501920190550522893e-02
7.404382364258985105e-02
7.270924012954319005e-02
6.717085764189395514e-02
6.166506503980623971e-02
5.647341711928616226e-02
5.183607959597992532e-02
4.719858707633739492e-02
4.296079450173449776e-02
3.894779172660890049e-02
3.515895275458819774e-02
3.154729019738414936e-02
2.788327031996041400e-02
