1.902064562661053770e+01
1.804295675482505601e+01
1.713914344640808096e+01
1.634051908093466210e+01
1.543860787851230576e+01
1.477995931376716143e+01
1.403439252385669356e+01
1.336281460685710520e+01
1.272921909991172384e+01
1.211449204732851648e+01
1.138796442349980076e+01
1.096205265905767590e+01
1.044926554436031374e+01
9.945165710312192431e+00
9.452165980320144101e+00
9.025842717774368751e+00
8.598700497027220280e+00
8.193143143290949837e+00
7.802276192528961651e+00
7.432912996003576467e+00
7.071619454303893271e+00
6.756494261614856001e+00
6.439096890227488323e+00
6.138238210649157089e+00
5.847620943508982094e+00
5.576489717997665352e+00
5.269181773479536979e+00
5.058583274925555706e+00
4.817814523437222718e+00
4.587770616663320311e+00
4.395164373775508615e+00
4.172158458635310652e+00
3.995809699317712571e+00
3.765968181886107047e+00
3.581781000831745221e+00
3.459378174854513599e+00
3.294460170595035375e+00
3.138442640509236714e+00
2.992542181721356442e+00
2.736952117910204763e+00
2.729168453263986382e+00
2.490402075518607372e+00
2.479380504274490526e+00
2.349837419287365226e+00
2.266152434312028952e+00
2.155506765406931535e+00
2.058888468479691980e+00
1.967489802570683510e+00
1.876329457864215566e+00
1.707724815199045620e+00
1.629052961789745568e+00
1.541434650339528423e+00
1.470428269686123279e+00
1.414037543674757202e+00
1.338015514390132887e+00
1.286606671689136672e+00
1.227228214464549660e+00
1.170563021704907669e+00
1.107606403845066145e+00
1.056421312894767039e+00
1.007569039329921701e+00
9.686105375176339294e-01
9.164383102579638507e-01
8.739599364780213930e-01
8.715931534411067716e-01
8.309802063676182682e-01
7.994842114198618122e-01
7.552030478418445547e-01
7.242632244026113719e-01
6.619199283470551531e-01
6.600400282446392541e-01
6.275190550309978077e-01
5.995824650587706639e-01
5.712391395360965074e-01
5.207441231666315451e-01
5.176681473745239348e-01
4.943152800864860641e-01
4.712391559410225028e-01
4.479925114494048288e-01
4.272383975508763920e-01
4.070291767272406491e-01
3.847605575415329882e-01
3.684204783315991327e-01
3.490152351108966045e-01
3.337603704345213362e-01
3.171889512562226510e-01
3.023754042908523565e-01
2.881217584867919457e-01
2.740505698124994782e-01
2.607596469951354301e-01
2.470096762599159890e-01
2.357087804604301173e-01
2.225320690356660247e-01
2.115583147694296562e-01
2.010602292451244555e-01
1.923561289441363675e-01
1.825586376495478835e-01
1.734320532656090097e-01
1.645589033530941436e-01
1.561743690973495524e-01
1.482395085139355806e-01
1.405634801348973617e-01
1.332303622165962320e-01
1.261717171379589109e-01
1.195442441111281284e-01
1.129124115685910534e-01
1.072259324515434376e-01
1.015472991299223166e-01
9.587159363797492784e-02
9.076658977691448582e-02
8.572557941710354235e-02
8.073688565653673599e-02
7.540942364102994067e-02
7.214015145804329732e-02
6.806155230085433883e-02
6.408876603062181598e-02
6.037295138123860427e-02
5.682409537219097057e-02
5.339778631355802940e-02
5.005070012066251822e-02
4.709447660236675687e-02
4.417049975223520664e-02
4.130663378442023248e-02
3.876403169703798723e-02
3.621631544788540824e-02
3.371597276210130945e-02
3.156274899377690263e-02
